/*C12*/SET SCHEMA PUBLIC
drop table if exists hotel_booking CASCADE 
drop sequence hibernate_sequence if exists
create sequence hibernate_sequence start with 1 increment by 1
create table hotel_booking (id bigint not null, hotel_name varchar(255), num_of_nights integer not null, price_per_night double not null, primary key (id))
INSERT INTO HOTEL_BOOKING VALUES(1,'Lancaster',2,95.0E0)
INSERT INTO HOTEL_BOOKING VALUES(2,'Meols',5,120.5E0)
INSERT INTO HOTEL_BOOKING VALUES(3,'Hilton',3,200.0E0)
ALTER SEQUENCE PUBLIC.HIBERNATE_SEQUENCE RESTART WITH 4
COMMIT
DELETE FROM HOTEL_BOOKING WHERE ID=2
COMMIT
DELETE FROM HOTEL_BOOKING WHERE ID=1
COMMIT
drop table if exists hotel_booking CASCADE 
drop sequence hibernate_sequence if exists
DISCONNECT
/*C13*/SET SCHEMA PUBLIC
DISCONNECT
/*C14*/SET SCHEMA PUBLIC
DISCONNECT
/*C15*/SET SCHEMA PUBLIC
DISCONNECT
/*C16*/SET SCHEMA PUBLIC
DISCONNECT
/*C17*/SET SCHEMA PUBLIC
DISCONNECT
/*C18*/SET SCHEMA PUBLIC
DISCONNECT
/*C19*/SET SCHEMA PUBLIC
DISCONNECT
/*C20*/SET SCHEMA PUBLIC
DISCONNECT
/*C21*/SET SCHEMA PUBLIC
DISCONNECT
